  [1m[36mSQL (0.4ms)[0m  [1m SELECT name
 FROM sqlite_master
 WHERE type = 'table' AND NOT name = 'sqlite_sequence'
[0m
  [1m[35mSQL (0.1ms)[0m  select sqlite_version(*)
  [1m[36mSQL (2.4ms)[0m  [1mCREATE TABLE "schema_migrations" ("version" varchar(255) NOT NULL) [0m
  [1m[35mSQL (0.1ms)[0m  PRAGMA index_list("schema_migrations")
  [1m[36mSQL (2.5ms)[0m  [1mCREATE UNIQUE INDEX "unique_schema_migrations" ON "schema_migrations" ("version")[0m
  [1m[35mSQL (0.3ms)[0m   SELECT name
 FROM sqlite_master
 WHERE type = 'table' AND NOT name = 'sqlite_sequence'
  [1m[36mSQL (0.2ms)[0m  [1m SELECT name
 FROM sqlite_master
 WHERE type = 'table' AND NOT name = 'sqlite_sequence'
[0m
  [1m[35mSQL (0.1ms)[0m  SELECT "schema_migrations"."version" FROM "schema_migrations"
Migrating to CreatePosts (20101024022957)
  [1m[36mSQL (0.5ms)[0m  [1mCREATE TABLE "posts" ("id" INTEGER PRIMARY KEY AUTOINCREMENT NOT NULL, "title" varchar(255), "body" text, "created_at" datetime, "updated_at" datetime) [0m
  [1m[35mSQL (0.1ms)[0m  INSERT INTO "schema_migrations" ("version") VALUES ('20101024022957')
  [1m[36mSQL (0.2ms)[0m  [1m SELECT name
 FROM sqlite_master
 WHERE type = 'table' AND NOT name = 'sqlite_sequence'
[0m
  [1m[35mSQL (0.1ms)[0m  SELECT "schema_migrations"."version" FROM "schema_migrations"
  [1m[36mSQL (0.1ms)[0m  [1m SELECT name
 FROM sqlite_master
 WHERE type = 'table' AND NOT name = 'sqlite_sequence'
[0m
  [1m[35mSQL (0.0ms)[0m  PRAGMA index_list("posts")


Started GET "/posts" for 127.0.0.1 at 2010-10-23 21:34:24 -0500
  Processing by PostsController#index as HTML
  [1m[36mSQL (0.4ms)[0m  [1m SELECT name
 FROM sqlite_master
 WHERE type = 'table' AND NOT name = 'sqlite_sequence'
[0m
  [1m[35mPost Load (0.1ms)[0m  SELECT "posts".* FROM "posts"
Rendered posts/index.html.erb within layouts/application (2.4ms)
Completed 200 OK in 72ms (Views: 6.6ms | ActiveRecord: 0.5ms)


Started GET "/" for 127.0.0.1 at 2010-10-23 21:35:04 -0500
  Processing by PostsController#index as HTML
  [1m[36mPost Load (0.2ms)[0m  [1mSELECT "posts".* FROM "posts"[0m
Rendered posts/index.html.erb within layouts/application (2.2ms)
Completed 200 OK in 13ms (Views: 5.7ms | ActiveRecord: 0.2ms)


Started GET "/" for 127.0.0.1 at 2010-10-23 21:39:50 -0500
  Processing by PostsController#index as HTML
  [1m[35mPost Load (0.4ms)[0m  SELECT "posts".* FROM "posts"
Rendered posts/index.html.erb within layouts/application (2.3ms)
Completed 200 OK in 14ms (Views: 5.8ms | ActiveRecord: 0.4ms)


Started GET "/" for 127.0.0.1 at 2010-10-23 21:56:55 -0500
  Processing by PostsController#index as HTML
  [1m[36mPost Load (3.6ms)[0m  [1mSELECT "posts".* FROM "posts"[0m
Rendered posts/index.html.erb within layouts/application (3.0ms)
Completed 200 OK in 61ms (Views: 20.1ms | ActiveRecord: 3.6ms)


Started GET "/" for 127.0.0.1 at 2010-10-23 21:56:57 -0500
  Processing by PostsController#index as HTML
  [1m[35mPost Load (0.3ms)[0m  SELECT "posts".* FROM "posts"
Rendered posts/index.html.erb within layouts/application (1.8ms)
Completed 200 OK in 13ms (Views: 5.5ms | ActiveRecord: 0.3ms)


Started GET "/" for 127.0.0.1 at 2010-10-23 21:57:02 -0500
  Processing by PostsController#index as HTML
  [1m[36mPost Load (0.3ms)[0m  [1mSELECT "posts".* FROM "posts"[0m
Rendered posts/index.html.erb within layouts/application (1.8ms)
Completed 200 OK in 13ms (Views: 5.4ms | ActiveRecord: 0.3ms)


Started GET "/" for 127.0.0.1 at 2010-10-23 21:57:55 -0500
  Processing by PostsController#index as HTML
  [1m[35mPost Load (0.3ms)[0m  SELECT "posts".* FROM "posts"
Rendered posts/index.html.erb within layouts/application (1.7ms)
Completed 200 OK in 13ms (Views: 5.3ms | ActiveRecord: 0.3ms)


Started GET "/" for 127.0.0.1 at 2010-10-23 22:07:53 -0500
  Processing by PostsController#index as HTML
  [1m[36mPost Load (0.3ms)[0m  [1mSELECT "posts".* FROM "posts"[0m
Rendered posts/index.html.erb within layouts/application (1.8ms)
Completed 200 OK in 15ms (Views: 5.8ms | ActiveRecord: 0.3ms)


Started GET "/" for 127.0.0.1 at 2010-10-23 22:19:09 -0500
  Processing by PostsController#index as HTML
  [1m[35mPost Load (0.3ms)[0m  SELECT "posts".* FROM "posts"
Rendered posts/index.html.erb within layouts/application (2.2ms)
Completed 200 OK in 42ms (Views: 5.8ms | ActiveRecord: 0.3ms)


Started GET "/stylesheets/images/icons-18-white.png" for 127.0.0.1 at 2010-10-23 22:19:10 -0500

ActionController::RoutingError (No route matches "/stylesheets/images/icons-18-white.png"):
  

Rendered /Users/jerod/.rvm/gems/ruby-1.9.2-p0/gems/actionpack-3.0.1/lib/action_dispatch/middleware/templates/rescues/routing_error.erb within rescues/layout (1.8ms)


Started GET "/stylesheets/images/icons-18-white.png" for 127.0.0.1 at 2010-10-23 22:19:11 -0500

ActionController::RoutingError (No route matches "/stylesheets/images/icons-18-white.png"):
  

Rendered /Users/jerod/.rvm/gems/ruby-1.9.2-p0/gems/actionpack-3.0.1/lib/action_dispatch/middleware/templates/rescues/routing_error.erb within rescues/layout (1.0ms)


Started GET "/" for 127.0.0.1 at 2010-10-23 22:25:54 -0500
  Processing by PostsController#index as HTML
  [1m[36mPost Load (0.3ms)[0m  [1mSELECT "posts".* FROM "posts"[0m
Rendered posts/index.html.erb within layouts/application (1.8ms)
Completed 200 OK in 13ms (Views: 5.3ms | ActiveRecord: 0.3ms)


Started GET "/" for 127.0.0.1 at 2010-10-23 22:32:42 -0500
  Processing by PostsController#index as HTML
  [1m[35mPost Load (0.3ms)[0m  SELECT "posts".* FROM "posts"
Rendered posts/index.html.erb within layouts/application (28.8ms)
Completed 200 OK in 40ms (Views: 32.4ms | ActiveRecord: 0.3ms)


Started GET "/" for 127.0.0.1 at 2010-10-23 22:35:34 -0500
  Processing by PostsController#index as HTML
  [1m[36mPost Load (0.3ms)[0m  [1mSELECT "posts".* FROM "posts"[0m
Rendered posts/index.html.erb within layouts/application (1.8ms)
Completed 200 OK in 13ms (Views: 5.2ms | ActiveRecord: 0.3ms)


Started GET "/posts/new" for 127.0.0.1 at 2010-10-23 22:36:39 -0500
  Processing by PostsController#new as */*
Rendered posts/_form.html.erb (163.6ms)
Rendered posts/new.html.erb within layouts/application (168.8ms)
Completed 200 OK in 196ms (Views: 186.6ms | ActiveRecord: 0.0ms)


Started GET "/" for 127.0.0.1 at 2010-10-23 22:39:21 -0500
  Processing by PostsController#index as HTML
  [1m[35mPost Load (0.3ms)[0m  SELECT "posts".* FROM "posts"
Rendered posts/index.html.erb within layouts/application (1.8ms)
Completed 200 OK in 13ms (Views: 5.5ms | ActiveRecord: 0.3ms)


Started GET "/posts/new" for 127.0.0.1 at 2010-10-23 22:39:22 -0500
  Processing by PostsController#new as */*
Rendered posts/_form.html.erb (7.9ms)
Rendered posts/new.html.erb within layouts/application (11.2ms)
Completed 200 OK in 28ms (Views: 15.5ms | ActiveRecord: 0.0ms)


Started POST "/posts" for 127.0.0.1 at 2010-10-23 22:40:07 -0500
  Processing by PostsController#create as HTML
  Parameters: {"utf8"=>"✓", "authenticity_token"=>"ULkSaO2BYcSyFpbIvynjAlQrGP9gAhWzI1ZWx+m5ZuM=", "post"=>{"title"=>"First Post!", "body"=>"Lorem ipsum dolor sit amet, consectetur adipisicing elit, sed do eiusmod tempor incididunt ut labore et dolore magna aliqua. Ut enim ad minim veniam, quis nostrud exercitation ullamco laboris nisi ut aliquip ex ea commodo consequat. Duis aute irure dolor in reprehenderit in voluptate velit esse cillum dolore eu fugiat nulla pariatur. Excepteur sint occaecat cupidatat non proident, sunt in culpa qui officia deserunt mollit anim id est laborum."}, "commit"=>"Create Post"}
  [1m[36mSQL (11.5ms)[0m  [1mINSERT INTO "posts" ("body", "created_at", "title", "updated_at") VALUES ('Lorem ipsum dolor sit amet, consectetur adipisicing elit, sed do eiusmod tempor incididunt ut labore et dolore magna aliqua. Ut enim ad minim veniam, quis nostrud exercitation ullamco laboris nisi ut aliquip ex ea commodo consequat. Duis aute irure dolor in reprehenderit in voluptate velit esse cillum dolore eu fugiat nulla pariatur. Excepteur sint occaecat cupidatat non proident, sunt in culpa qui officia deserunt mollit anim id est laborum.', '2010-10-24 03:40:07.093534', 'First Post!', '2010-10-24 03:40:07.093534')[0m
Redirected to http://localhost:3000/posts/1
Completed 302 Found in 144ms


Started GET "/posts/1" for 127.0.0.1 at 2010-10-23 22:40:07 -0500
  Processing by PostsController#show as HTML
  Parameters: {"id"=>"1"}
  [1m[35mPost Load (0.2ms)[0m  SELECT "posts".* FROM "posts" WHERE ("posts"."id" = 1) LIMIT 1
Rendered posts/show.html.erb within layouts/application (8.8ms)
Completed 200 OK in 31ms (Views: 19.8ms | ActiveRecord: 11.8ms)


Started GET "/posts" for 127.0.0.1 at 2010-10-23 22:40:11 -0500
  Processing by PostsController#index as */*
  [1m[36mPost Load (0.4ms)[0m  [1mSELECT "posts".* FROM "posts"[0m
Rendered posts/index.html.erb within layouts/application (37.8ms)
Completed 200 OK in 49ms (Views: 41.3ms | ActiveRecord: 0.4ms)


Started GET "/posts" for 127.0.0.1 at 2010-10-23 22:40:18 -0500
  Processing by PostsController#index as HTML
  [1m[35mPost Load (0.4ms)[0m  SELECT "posts".* FROM "posts"
Rendered posts/index.html.erb within layouts/application (9.2ms)
Completed 200 OK in 22ms (Views: 12.9ms | ActiveRecord: 0.4ms)


Started GET "/posts/new" for 127.0.0.1 at 2010-10-23 22:41:13 -0500
  Processing by PostsController#new as */*
Rendered posts/_form.html.erb (6.9ms)
Rendered posts/new.html.erb within layouts/application (9.3ms)
Completed 200 OK in 22ms (Views: 12.7ms | ActiveRecord: 0.0ms)


Started POST "/posts" for 127.0.0.1 at 2010-10-23 22:41:34 -0500
  Processing by PostsController#create as HTML
  Parameters: {"utf8"=>"✓", "authenticity_token"=>"ULkSaO2BYcSyFpbIvynjAlQrGP9gAhWzI1ZWx+m5ZuM=", "post"=>{"title"=>"My Very, Very Bad Day", "body"=>"it was something else..."}, "commit"=>"Create Post"}
  [1m[36mSQL (0.4ms)[0m  [1mINSERT INTO "posts" ("body", "created_at", "title", "updated_at") VALUES ('it was something else...', '2010-10-24 03:41:34.747273', 'My Very, Very Bad Day', '2010-10-24 03:41:34.747273')[0m
Redirected to http://localhost:3000/posts/2
Completed 302 Found in 26ms


Started GET "/posts/2" for 127.0.0.1 at 2010-10-23 22:41:34 -0500
  Processing by PostsController#show as HTML
  Parameters: {"id"=>"2"}
  [1m[35mPost Load (0.2ms)[0m  SELECT "posts".* FROM "posts" WHERE ("posts"."id" = 2) LIMIT 1
Rendered posts/show.html.erb within layouts/application (8.6ms)
Completed 200 OK in 22ms (Views: 12.1ms | ActiveRecord: 0.5ms)


Started GET "/posts" for 127.0.0.1 at 2010-10-23 22:41:37 -0500
  Processing by PostsController#index as */*
  [1m[36mPost Load (0.4ms)[0m  [1mSELECT "posts".* FROM "posts"[0m
Rendered posts/index.html.erb within layouts/application (10.3ms)
Completed 200 OK in 22ms (Views: 13.8ms | ActiveRecord: 0.4ms)


Started GET "/" for 127.0.0.1 at 2010-10-23 22:41:43 -0500
  Processing by PostsController#index as HTML
  [1m[35mPost Load (0.4ms)[0m  SELECT "posts".* FROM "posts"
Rendered posts/index.html.erb within layouts/application (9.8ms)
Completed 200 OK in 21ms (Views: 13.3ms | ActiveRecord: 0.4ms)


Started GET "/posts/new" for 127.0.0.1 at 2010-10-23 22:41:45 -0500
  Processing by PostsController#new as */*
Rendered posts/_form.html.erb (6.3ms)
Rendered posts/new.html.erb within layouts/application (8.8ms)
Completed 200 OK in 53ms (Views: 12.3ms | ActiveRecord: 0.0ms)


Started POST "/posts" for 127.0.0.1 at 2010-10-23 22:41:57 -0500
  Processing by PostsController#create as HTML
  Parameters: {"utf8"=>"✓", "authenticity_token"=>"ULkSaO2BYcSyFpbIvynjAlQrGP9gAhWzI1ZWx+m5ZuM=", "post"=>{"title"=>"How To Do Stuff", "body"=>"lorem and stuff"}, "commit"=>"Create Post"}
  [1m[36mSQL (0.4ms)[0m  [1mINSERT INTO "posts" ("body", "created_at", "title", "updated_at") VALUES ('lorem and stuff', '2010-10-24 03:41:57.608806', 'How To Do Stuff', '2010-10-24 03:41:57.608806')[0m
Redirected to http://localhost:3000/posts/3
Completed 302 Found in 24ms


Started GET "/posts/3" for 127.0.0.1 at 2010-10-23 22:41:57 -0500
  Processing by PostsController#show as HTML
  Parameters: {"id"=>"3"}
  [1m[35mPost Load (0.2ms)[0m  SELECT "posts".* FROM "posts" WHERE ("posts"."id" = 3) LIMIT 1
Rendered posts/show.html.erb within layouts/application (8.8ms)
Completed 200 OK in 23ms (Views: 12.5ms | ActiveRecord: 0.6ms)


Started GET "/" for 127.0.0.1 at 2010-10-23 22:42:00 -0500
  Processing by PostsController#index as HTML
  [1m[36mPost Load (0.4ms)[0m  [1mSELECT "posts".* FROM "posts"[0m
Rendered posts/index.html.erb within layouts/application (10.2ms)
Completed 200 OK in 23ms (Views: 13.8ms | ActiveRecord: 0.4ms)


Started GET "/posts/1" for 127.0.0.1 at 2010-10-23 22:50:20 -0500
  Processing by PostsController#show as */*
  Parameters: {"id"=>"1"}
  [1m[35mPost Load (0.3ms)[0m  SELECT "posts".* FROM "posts" WHERE ("posts"."id" = 1) LIMIT 1
Rendered posts/show.html.erb within layouts/application (11.4ms)
Completed 200 OK in 30ms (Views: 17.0ms | ActiveRecord: 0.3ms)


Started GET "/" for 127.0.0.1 at 2010-10-23 22:50:35 -0500
  Processing by PostsController#index as HTML
  [1m[36mPost Load (0.4ms)[0m  [1mSELECT "posts".* FROM "posts"[0m
Rendered posts/index.html.erb within layouts/application (9.8ms)
Completed 200 OK in 21ms (Views: 13.3ms | ActiveRecord: 0.4ms)


Started GET "/posts/1" for 127.0.0.1 at 2010-10-23 22:50:37 -0500
  Processing by PostsController#show as */*
  Parameters: {"id"=>"1"}
  [1m[35mPost Load (0.2ms)[0m  SELECT "posts".* FROM "posts" WHERE ("posts"."id" = 1) LIMIT 1
Rendered posts/show.html.erb within layouts/application (9.7ms)
Completed 200 OK in 29ms (Views: 13.7ms | ActiveRecord: 0.2ms)


Started GET "/posts/1/edit" for 127.0.0.1 at 2010-10-23 22:51:34 -0500
  Processing by PostsController#edit as */*
  Parameters: {"id"=>"1"}
  [1m[36mPost Load (0.2ms)[0m  [1mSELECT "posts".* FROM "posts" WHERE ("posts"."id" = 1) LIMIT 1[0m
Rendered posts/_form.html.erb (9.8ms)
Rendered posts/edit.html.erb within layouts/application (13.0ms)
Completed 200 OK in 49ms (Views: 38.3ms | ActiveRecord: 0.2ms)


Started GET "/posts" for 127.0.0.1 at 2010-10-23 22:53:55 -0500
  Processing by PostsController#index as */*
  [1m[35mPost Load (0.5ms)[0m  SELECT "posts".* FROM "posts"
Rendered posts/index.html.erb within layouts/application (10.5ms)
Completed 200 OK in 23ms (Views: 14.5ms | ActiveRecord: 0.5ms)


Started GET "/" for 127.0.0.1 at 2010-10-23 22:53:57 -0500
  Processing by PostsController#index as HTML
  [1m[36mPost Load (0.4ms)[0m  [1mSELECT "posts".* FROM "posts"[0m
Rendered posts/index.html.erb within layouts/application (40.1ms)
Completed 200 OK in 51ms (Views: 43.6ms | ActiveRecord: 0.4ms)


Started GET "/posts" for 127.0.0.1 at 2010-10-23 22:53:57 -0500
  Processing by PostsController#index as */*
  [1m[35mPost Load (0.4ms)[0m  SELECT "posts".* FROM "posts"
Rendered posts/index.html.erb within layouts/application (10.5ms)
Completed 200 OK in 28ms (Views: 19.7ms | ActiveRecord: 0.4ms)


Started GET "/" for 127.0.0.1 at 2010-10-23 22:54:06 -0500
  Processing by PostsController#index as HTML
  [1m[36mPost Load (0.4ms)[0m  [1mSELECT "posts".* FROM "posts"[0m
Rendered posts/index.html.erb within layouts/application (10.1ms)
Completed 200 OK in 21ms (Views: 13.6ms | ActiveRecord: 0.4ms)


Started GET "/posts" for 127.0.0.1 at 2010-10-23 22:54:07 -0500
  Processing by PostsController#index as */*
  [1m[35mPost Load (0.4ms)[0m  SELECT "posts".* FROM "posts"
Rendered posts/index.html.erb within layouts/application (10.9ms)
Completed 200 OK in 26ms (Views: 16.9ms | ActiveRecord: 0.4ms)


Started GET "/posts/1/edit" for 127.0.0.1 at 2010-10-23 22:54:08 -0500
  Processing by PostsController#edit as */*
  Parameters: {"id"=>"1"}
  [1m[36mPost Load (0.2ms)[0m  [1mSELECT "posts".* FROM "posts" WHERE ("posts"."id" = 1) LIMIT 1[0m
Rendered posts/_form.html.erb (9.9ms)
Rendered posts/edit.html.erb within layouts/application (12.4ms)
Completed 200 OK in 32ms (Views: 22.1ms | ActiveRecord: 0.2ms)


Started GET "/posts/2" for 127.0.0.1 at 2010-10-23 22:57:16 -0500
  Processing by PostsController#show as */*
  Parameters: {"id"=>"2"}
  [1m[35mPost Load (0.2ms)[0m  SELECT "posts".* FROM "posts" WHERE ("posts"."id" = 2) LIMIT 1
Rendered posts/show.html.erb within layouts/application (8.1ms)
Completed 200 OK in 24ms (Views: 13.9ms | ActiveRecord: 0.2ms)


Started GET "/posts/2/edit" for 127.0.0.1 at 2010-10-23 22:57:20 -0500
  Processing by PostsController#edit as */*
  Parameters: {"id"=>"2"}
  [1m[36mPost Load (0.2ms)[0m  [1mSELECT "posts".* FROM "posts" WHERE ("posts"."id" = 2) LIMIT 1[0m
Rendered posts/_form.html.erb (16.1ms)
Rendered posts/edit.html.erb within layouts/application (32.6ms)
Completed 200 OK in 53ms (Views: 42.6ms | ActiveRecord: 0.2ms)


Started GET "/" for 127.0.0.1 at 2010-10-23 22:57:32 -0500
  Processing by PostsController#index as HTML
  [1m[35mPost Load (0.4ms)[0m  SELECT "posts".* FROM "posts"
Rendered posts/index.html.erb within layouts/application (10.4ms)
Completed 200 OK in 52ms (Views: 14.5ms | ActiveRecord: 0.4ms)


Started GET "/posts/2/edit" for 127.0.0.1 at 2010-10-23 22:57:32 -0500
  Processing by PostsController#edit as */*
  Parameters: {"id"=>"2"}
  [1m[36mPost Load (0.2ms)[0m  [1mSELECT "posts".* FROM "posts" WHERE ("posts"."id" = 2) LIMIT 1[0m
Rendered posts/_form.html.erb (9.9ms)
Rendered posts/edit.html.erb within layouts/application (12.8ms)
Completed 200 OK in 35ms (Views: 25.0ms | ActiveRecord: 0.2ms)


Started GET "/" for 127.0.0.1 at 2010-10-23 22:57:39 -0500
  Processing by PostsController#index as HTML
  [1m[35mPost Load (0.4ms)[0m  SELECT "posts".* FROM "posts"
Rendered posts/index.html.erb within layouts/application (10.3ms)
Completed 200 OK in 51ms (Views: 43.2ms | ActiveRecord: 0.4ms)


Started GET "/posts/2/edit" for 127.0.0.1 at 2010-10-23 22:57:39 -0500
  Processing by PostsController#edit as */*
  Parameters: {"id"=>"2"}
  [1m[36mPost Load (0.2ms)[0m  [1mSELECT "posts".* FROM "posts" WHERE ("posts"."id" = 2) LIMIT 1[0m
Rendered posts/_form.html.erb (10.2ms)
Rendered posts/edit.html.erb within layouts/application (12.9ms)
Completed 200 OK in 39ms (Views: 26.7ms | ActiveRecord: 0.2ms)


Started GET "/" for 127.0.0.1 at 2010-10-23 22:57:54 -0500
  Processing by PostsController#index as HTML
  [1m[35mPost Load (0.4ms)[0m  SELECT "posts".* FROM "posts"
Rendered posts/index.html.erb within layouts/application (39.0ms)
Completed 200 OK in 50ms (Views: 42.5ms | ActiveRecord: 0.4ms)


Started GET "/posts/2/edit" for 127.0.0.1 at 2010-10-23 22:57:54 -0500
  Processing by PostsController#edit as */*
  Parameters: {"id"=>"2"}
  [1m[36mPost Load (0.2ms)[0m  [1mSELECT "posts".* FROM "posts" WHERE ("posts"."id" = 2) LIMIT 1[0m
Rendered posts/_form.html.erb (7.6ms)
Rendered posts/edit.html.erb within layouts/application (19.0ms)
Completed 200 OK in 39ms (Views: 28.8ms | ActiveRecord: 0.2ms)


Started GET "/posts" for 127.0.0.1 at 2010-10-23 22:58:40 -0500
  Processing by PostsController#index as */*
  [1m[35mPost Load (0.4ms)[0m  SELECT "posts".* FROM "posts"
Rendered posts/index.html.erb within layouts/application (41.1ms)
Completed 200 OK in 53ms (Views: 44.7ms | ActiveRecord: 0.4ms)


Started GET "/posts/3" for 127.0.0.1 at 2010-10-23 22:58:42 -0500
  Processing by PostsController#show as */*
  Parameters: {"id"=>"3"}
  [1m[36mPost Load (0.2ms)[0m  [1mSELECT "posts".* FROM "posts" WHERE ("posts"."id" = 3) LIMIT 1[0m
Rendered posts/show.html.erb within layouts/application (7.9ms)
Completed 200 OK in 23ms (Views: 11.7ms | ActiveRecord: 0.2ms)


Started GET "/posts/3/edit" for 127.0.0.1 at 2010-10-23 22:58:47 -0500
  Processing by PostsController#edit as */*
  Parameters: {"id"=>"3"}
  [1m[35mPost Load (0.2ms)[0m  SELECT "posts".* FROM "posts" WHERE ("posts"."id" = 3) LIMIT 1
Rendered posts/_form.html.erb (3.0ms)
Rendered posts/edit.html.erb within layouts/application (12.7ms)
Completed 200 OK in 34ms (Views: 22.9ms | ActiveRecord: 0.2ms)


Started POST "/posts/3" for 127.0.0.1 at 2010-10-23 22:58:49 -0500
  Processing by PostsController#destroy as HTML
  Parameters: {"authenticity_token"=>"ULkSaO2BYcSyFpbIvynjAlQrGP9gAhWzI1ZWx+m5ZuM=", "id"=>"3"}
  [1m[36mPost Load (0.2ms)[0m  [1mSELECT "posts".* FROM "posts" WHERE ("posts"."id" = 3) LIMIT 1[0m
  [1m[35mSQL (0.4ms)[0m  DELETE FROM "posts" WHERE ("posts"."id" = 3)
Redirected to http://localhost:3000/posts
Completed 302 Found in 22ms


Started GET "/posts" for 127.0.0.1 at 2010-10-23 22:58:49 -0500
  Processing by PostsController#index as HTML
  [1m[36mPost Load (0.4ms)[0m  [1mSELECT "posts".* FROM "posts"[0m
Rendered posts/index.html.erb within layouts/application (9.7ms)
Completed 200 OK in 22ms (Views: 13.2ms | ActiveRecord: 1.0ms)


Started GET "/posts/new" for 127.0.0.1 at 2010-10-23 23:03:48 -0500
  Processing by PostsController#new as */*
Rendered posts/_form.html.erb (6.5ms)
Rendered posts/new.html.erb within layouts/application (9.2ms)
Completed 200 OK in 53ms (Views: 13.1ms | ActiveRecord: 0.0ms)


Started GET "/posts/2" for 127.0.0.1 at 2010-10-23 23:03:51 -0500
  Processing by PostsController#show as */*
  Parameters: {"id"=>"2"}
  [1m[35mPost Load (0.2ms)[0m  SELECT "posts".* FROM "posts" WHERE ("posts"."id" = 2) LIMIT 1
Rendered posts/show.html.erb within layouts/application (7.8ms)
Completed 200 OK in 22ms (Views: 11.9ms | ActiveRecord: 0.2ms)


Started GET "/posts" for 127.0.0.1 at 2010-10-23 23:03:52 -0500
  Processing by PostsController#index as */*
  [1m[36mPost Load (0.4ms)[0m  [1mSELECT "posts".* FROM "posts"[0m
Rendered posts/index.html.erb within layouts/application (10.0ms)
Completed 200 OK in 22ms (Views: 14.0ms | ActiveRecord: 0.4ms)


Started GET "/posts/1/edit" for 127.0.0.1 at 2010-10-23 23:03:54 -0500
  Processing by PostsController#edit as */*
  Parameters: {"id"=>"1"}
  [1m[35mPost Load (0.3ms)[0m  SELECT "posts".* FROM "posts" WHERE ("posts"."id" = 1) LIMIT 1
Rendered posts/_form.html.erb (3.4ms)
Rendered posts/edit.html.erb within layouts/application (13.0ms)
Completed 200 OK in 35ms (Views: 23.1ms | ActiveRecord: 0.3ms)


Started GET "/" for 127.0.0.1 at 2013-05-22 15:26:47 -0400
  Processing by PostsController#index as HTML
  [1m[36mSQL (5.4ms)[0m  [1m SELECT name
 FROM sqlite_master
 WHERE type = 'table' AND NOT name = 'sqlite_sequence'
[0m
  [1m[35mPost Load (0.4ms)[0m  SELECT "posts".* FROM "posts"
Rendered posts/index.html.erb within layouts/application (10.5ms)
Completed 200 OK in 68ms (Views: 15.5ms | ActiveRecord: 5.8ms)


Started GET "/posts/1" for 127.0.0.1 at 2013-05-22 15:26:53 -0400
  Processing by PostsController#show as */*
  Parameters: {"id"=>"1"}
  [1m[36mPost Load (0.2ms)[0m  [1mSELECT "posts".* FROM "posts" WHERE ("posts"."id" = 1) LIMIT 1[0m
Rendered posts/show.html.erb within layouts/application (7.7ms)
Completed 200 OK in 24ms (Views: 11.9ms | ActiveRecord: 0.2ms)
